<?xml version="1.0" encoding="UTF-8"?>
<!-- Generated by org.testng.reporters.JUnitXMLReporter -->
<testsuite ignored="0" hostname="DESKTOP-LJ83OEQ" failures="0" tests="3" name="Test2" time="207.492" errors="0" timestamp="2024-02-21T23:54:51 GMT-06:00">
  <testcase classname="Testcases.TC05_ExistingUser" name="ValidExistingUser" time="0.001">
    <skipped/>
  </testcase> <!-- ValidExistingUser -->
  <testcase classname="Testcases.TC06_Contact_Us_Form" name="contactUS" time="0.002">
    <skipped/>
  </testcase> <!-- contactUS -->
  <testcase classname="Testcases.TC04_LogoutUser" name="Logoutuser" time="0.001">
    <skipped/>
  </testcase> <!-- Logoutuser -->
</testsuite> <!-- Test2 -->
